{"C:\\Users\\ABHISHEK SHARMA\\Desktop\\Foodordering\\src\\components\\Avatar.js": {"path":"C:\\Users\\ABHISHEK SHARMA\\Desktop\\Foodordering\\src\\components\\Avatar.js","statementMap":{"0":{"start":{"line":1,"column":15},"end":{"line":7,"column":1}},"1":{"start":{"line":2,"column":2},"end":{"line":6,"column":4}}},"fnMap":{"0":{"name":"(anonymous_0)","decl":{"start":{"line":1,"column":15},"end":{"line":1,"column":16}},"loc":{"start":{"line":1,"column":21},"end":{"line":7,"column":1}},"line":1}},"branchMap":{},"s":{"0":1,"1":2},"f":{"0":2},"b":{},"_coverageSchema":"1a1c01bbd47fc00a2c39e90264f33305004495a9","hash":"dba82321b9df515b88c6f15c53cdc0c86df3787f"}
,"C:\\Users\\ABHISHEK SHARMA\\Desktop\\Foodordering\\src\\components\\Body.js": {"path":"C:\\Users\\ABHISHEK SHARMA\\Desktop\\Foodordering\\src\\components\\Body.js","statementMap":{"0":{"start":{"line":11,"column":13},"end":{"line":202,"column":1}},"1":{"start":{"line":12,"column":38},"end":{"line":12,"column":50}},"2":{"start":{"line":13,"column":58},"end":{"line":13,"column":70}},"3":{"start":{"line":14,"column":58},"end":{"line":14,"column":70}},"4":{"start":{"line":15,"column":32},"end":{"line":15,"column":44}},"5":{"start":{"line":16,"column":28},"end":{"line":16,"column":53}},"6":{"start":{"line":17,"column":26},"end":{"line":17,"column":40}},"7":{"start":{"line":18,"column":21},"end":{"line":24,"column":3}},"8":{"start":{"line":19,"column":4},"end":{"line":23,"column":5}},"9":{"start":{"line":20,"column":6},"end":{"line":20,"column":21}},"10":{"start":{"line":22,"column":6},"end":{"line":22,"column":20}},"11":{"start":{"line":25,"column":2},"end":{"line":25,"column":39}},"12":{"start":{"line":26,"column":2},"end":{"line":28,"column":9}},"13":{"start":{"line":27,"column":4},"end":{"line":27,"column":16}},"14":{"start":{"line":30,"column":20},"end":{"line":52,"column":3}},"15":{"start":{"line":31,"column":4},"end":{"line":51,"column":5}},"16":{"start":{"line":32,"column":19},"end":{"line":32,"column":39}},"17":{"start":{"line":33,"column":19},"end":{"line":33,"column":36}},"18":{"start":{"line":34,"column":6},"end":{"line":34,"column":24}},"19":{"start":{"line":36,"column":6},"end":{"line":38,"column":8}},"20":{"start":{"line":40,"column":6},"end":{"line":43,"column":8}},"21":{"start":{"line":44,"column":6},"end":{"line":44,"column":27}},"22":{"start":{"line":45,"column":6},"end":{"line":48,"column":8}},"23":{"start":{"line":50,"column":6},"end":{"line":50,"column":25}},"24":{"start":{"line":53,"column":17},"end":{"line":53,"column":34}},"25":{"start":{"line":54,"column":40},"end":{"line":54,"column":63}},"26":{"start":{"line":55,"column":2},"end":{"line":61,"column":3}},"27":{"start":{"line":56,"column":4},"end":{"line":60,"column":6}},"28":{"start":{"line":62,"column":2},"end":{"line":201,"column":4}},"29":{"start":{"line":76,"column":16},"end":{"line":76,"column":46}},"30":{"start":{"line":82,"column":35},"end":{"line":86,"column":18}},"31":{"start":{"line":83,"column":18},"end":{"line":85,"column":56}},"32":{"start":{"line":88,"column":16},"end":{"line":88,"column":52}},"33":{"start":{"line":109,"column":18},"end":{"line":109,"column":46}},"34":{"start":{"line":117,"column":16},"end":{"line":122,"column":18}},"35":{"start":{"line":127,"column":16},"end":{"line":132,"column":18}},"36":{"start":{"line":160,"column":35},"end":{"line":164,"column":17}},"37":{"start":{"line":162,"column":20},"end":{"line":162,"column":66}},"38":{"start":{"line":165,"column":16},"end":{"line":165,"column":52}},"39":{"start":{"line":182,"column":14},"end":{"line":195,"column":16}}},"fnMap":{"0":{"name":"(anonymous_0)","decl":{"start":{"line":11,"column":13},"end":{"line":11,"column":14}},"loc":{"start":{"line":11,"column":19},"end":{"line":202,"column":1}},"line":11},"1":{"name":"(anonymous_1)","decl":{"start":{"line":18,"column":21},"end":{"line":18,"column":22}},"loc":{"start":{"line":18,"column":27},"end":{"line":24,"column":3}},"line":18},"2":{"name":"(anonymous_2)","decl":{"start":{"line":26,"column":12},"end":{"line":26,"column":13}},"loc":{"start":{"line":26,"column":18},"end":{"line":28,"column":3}},"line":26},"3":{"name":"(anonymous_3)","decl":{"start":{"line":30,"column":20},"end":{"line":30,"column":21}},"loc":{"start":{"line":30,"column":32},"end":{"line":52,"column":3}},"line":30},"4":{"name":"(anonymous_4)","decl":{"start":{"line":75,"column":24},"end":{"line":75,"column":25}},"loc":{"start":{"line":75,"column":31},"end":{"line":77,"column":15}},"line":75},"5":{"name":"(anonymous_5)","decl":{"start":{"line":81,"column":23},"end":{"line":81,"column":24}},"loc":{"start":{"line":81,"column":30},"end":{"line":89,"column":15}},"line":81},"6":{"name":"(anonymous_6)","decl":{"start":{"line":82,"column":63},"end":{"line":82,"column":64}},"loc":{"start":{"line":82,"column":72},"end":{"line":86,"column":17}},"line":82},"7":{"name":"(anonymous_7)","decl":{"start":{"line":108,"column":26},"end":{"line":108,"column":27}},"loc":{"start":{"line":108,"column":33},"end":{"line":110,"column":17}},"line":108},"8":{"name":"(anonymous_8)","decl":{"start":{"line":116,"column":27},"end":{"line":116,"column":28}},"loc":{"start":{"line":117,"column":16},"end":{"line":122,"column":18}},"line":117},"9":{"name":"(anonymous_9)","decl":{"start":{"line":126,"column":27},"end":{"line":126,"column":28}},"loc":{"start":{"line":127,"column":16},"end":{"line":132,"column":18}},"line":127},"10":{"name":"(anonymous_10)","decl":{"start":{"line":159,"column":23},"end":{"line":159,"column":24}},"loc":{"start":{"line":159,"column":29},"end":{"line":166,"column":15}},"line":159},"11":{"name":"(anonymous_11)","decl":{"start":{"line":161,"column":18},"end":{"line":161,"column":19}},"loc":{"start":{"line":161,"column":38},"end":{"line":163,"column":19}},"line":161},"12":{"name":"(anonymous_12)","decl":{"start":{"line":181,"column":39},"end":{"line":181,"column":40}},"loc":{"start":{"line":181,"column":59},"end":{"line":196,"column":13}},"line":181}},"branchMap":{"0":{"loc":{"start":{"line":19,"column":4},"end":{"line":23,"column":5}},"type":"if","locations":[{"start":{"line":19,"column":4},"end":{"line":23,"column":5}},{"start":{"line":21,"column":11},"end":{"line":23,"column":5}}],"line":19},"1":{"loc":{"start":{"line":55,"column":2},"end":{"line":61,"column":3}},"type":"if","locations":[{"start":{"line":55,"column":2},"end":{"line":61,"column":3}},{"start":{},"end":{}}],"line":55},"2":{"loc":{"start":{"line":62,"column":9},"end":{"line":201,"column":3}},"type":"cond-expr","locations":[{"start":{"line":63,"column":4},"end":{"line":63,"column":15}},{"start":{"line":65,"column":4},"end":{"line":200,"column":7}}],"line":62},"3":{"loc":{"start":{"line":98,"column":17},"end":{"line":98,"column":42}},"type":"cond-expr","locations":[{"start":{"line":98,"column":24},"end":{"line":98,"column":31}},{"start":{"line":98,"column":34},"end":{"line":98,"column":42}}],"line":98},"4":{"loc":{"start":{"line":187,"column":19},"end":{"line":193,"column":19}},"type":"cond-expr","locations":[{"start":{"line":190,"column":20},"end":{"line":190,"column":69}},{"start":{"line":192,"column":20},"end":{"line":192,"column":72}}],"line":187}},"s":{"0":1,"1":1,"2":1,"3":1,"4":1,"5":1,"6":1,"7":1,"8":0,"9":0,"10":0,"11":1,"12":1,"13":1,"14":1,"15":1,"16":1,"17":0,"18":0,"19":0,"20":0,"21":0,"22":0,"23":1,"24":1,"25":1,"26":1,"27":0,"28":1,"29":0,"30":0,"31":0,"32":0,"33":0,"34":0,"35":0,"36":0,"37":0,"38":0,"39":0},"f":{"0":1,"1":0,"2":1,"3":1,"4":0,"5":0,"6":0,"7":0,"8":0,"9":0,"10":0,"11":0,"12":0},"b":{"0":[0,0],"1":[0,1],"2":[1,0],"3":[0,0],"4":[0,0]},"_coverageSchema":"1a1c01bbd47fc00a2c39e90264f33305004495a9","hash":"2a01af631a920ce7988dfa50cec5ff23782be491"}
,"C:\\Users\\ABHISHEK SHARMA\\Desktop\\Foodordering\\src\\components\\Children.js": {"path":"C:\\Users\\ABHISHEK SHARMA\\Desktop\\Foodordering\\src\\components\\Children.js","statementMap":{"0":{"start":{"line":4,"column":2},"end":{"line":4,"column":24}},"1":{"start":{"line":5,"column":2},"end":{"line":5,"column":48}},"2":{"start":{"line":9,"column":2},"end":{"line":13,"column":4}}},"fnMap":{"0":{"name":"Card","decl":{"start":{"line":3,"column":9},"end":{"line":3,"column":13}},"loc":{"start":{"line":3,"column":28},"end":{"line":6,"column":1}},"line":3},"1":{"name":"Profile","decl":{"start":{"line":8,"column":24},"end":{"line":8,"column":31}},"loc":{"start":{"line":8,"column":34},"end":{"line":14,"column":1}},"line":8}},"branchMap":{},"s":{"0":2,"1":2,"2":2},"f":{"0":2,"1":2},"b":{},"_coverageSchema":"1a1c01bbd47fc00a2c39e90264f33305004495a9","hash":"05666171a581b655e962a93d0a17129d95e26d2f"}
,"C:\\Users\\ABHISHEK SHARMA\\Desktop\\Foodordering\\src\\components\\Header.js": {"path":"C:\\Users\\ABHISHEK SHARMA\\Desktop\\Foodordering\\src\\components\\Header.js","statementMap":{"0":{"start":{"line":6,"column":15},"end":{"line":84,"column":1}},"1":{"start":{"line":12,"column":47},"end":{"line":12,"column":71}},"2":{"start":{"line":13,"column":23},"end":{"line":20,"column":3}},"3":{"start":{"line":14,"column":27},"end":{"line":14,"column":50}},"4":{"start":{"line":15,"column":4},"end":{"line":19,"column":5}},"5":{"start":{"line":16,"column":6},"end":{"line":16,"column":18}},"6":{"start":{"line":18,"column":6},"end":{"line":18,"column":19}},"7":{"start":{"line":21,"column":20},"end":{"line":21,"column":61}},"8":{"start":{"line":21,"column":43},"end":{"line":21,"column":60}},"9":{"start":{"line":23,"column":2},"end":{"line":83,"column":4}}},"fnMap":{"0":{"name":"(anonymous_0)","decl":{"start":{"line":6,"column":15},"end":{"line":6,"column":16}},"loc":{"start":{"line":6,"column":21},"end":{"line":84,"column":1}},"line":6},"1":{"name":"(anonymous_1)","decl":{"start":{"line":13,"column":23},"end":{"line":13,"column":24}},"loc":{"start":{"line":13,"column":30},"end":{"line":20,"column":3}},"line":13},"2":{"name":"(anonymous_2)","decl":{"start":{"line":21,"column":32},"end":{"line":21,"column":33}},"loc":{"start":{"line":21,"column":43},"end":{"line":21,"column":60}},"line":21}},"branchMap":{"0":{"loc":{"start":{"line":15,"column":4},"end":{"line":19,"column":5}},"type":"if","locations":[{"start":{"line":15,"column":4},"end":{"line":19,"column":5}},{"start":{"line":17,"column":11},"end":{"line":19,"column":5}}],"line":15}},"s":{"0":1,"1":2,"2":2,"3":0,"4":0,"5":0,"6":0,"7":2,"8":4,"9":2},"f":{"0":2,"1":0,"2":4},"b":{"0":[0,0]},"_coverageSchema":"1a1c01bbd47fc00a2c39e90264f33305004495a9","hash":"296ae33c4da9bc55e30620f645e65a6faa703f97"}
,"C:\\Users\\ABHISHEK SHARMA\\Desktop\\Foodordering\\src\\components\\Help.js": {"path":"C:\\Users\\ABHISHEK SHARMA\\Desktop\\Foodordering\\src\\components\\Help.js","statementMap":{"0":{"start":{"line":18,"column":4},"end":{"line":18,"column":17}},"1":{"start":{"line":22,"column":4},"end":{"line":41,"column":6}},"2":{"start":{"line":26,"column":35},"end":{"line":26,"column":64}}},"fnMap":{"0":{"name":"(anonymous_0)","decl":{"start":{"line":17,"column":2},"end":{"line":17,"column":3}},"loc":{"start":{"line":17,"column":21},"end":{"line":19,"column":3}},"line":17},"1":{"name":"(anonymous_1)","decl":{"start":{"line":21,"column":2},"end":{"line":21,"column":3}},"loc":{"start":{"line":21,"column":11},"end":{"line":42,"column":3}},"line":21},"2":{"name":"(anonymous_2)","decl":{"start":{"line":26,"column":13},"end":{"line":26,"column":14}},"loc":{"start":{"line":26,"column":35},"end":{"line":26,"column":64}},"line":26}},"branchMap":{},"s":{"0":2,"1":2,"2":2},"f":{"0":2,"1":2,"2":2},"b":{},"_coverageSchema":"1a1c01bbd47fc00a2c39e90264f33305004495a9","hash":"ad9d966c5a28516336363eaa41026f99686ee2cc"}
,"C:\\Users\\ABHISHEK SHARMA\\Desktop\\Foodordering\\src\\components\\ResturantCard.js": {"path":"C:\\Users\\ABHISHEK SHARMA\\Desktop\\Foodordering\\src\\components\\ResturantCard.js","statementMap":{"0":{"start":{"line":3,"column":23},"end":{"line":33,"column":1}},"1":{"start":{"line":5,"column":4},"end":{"line":5,"column":18}},"2":{"start":{"line":7,"column":2},"end":{"line":32,"column":4}},"3":{"start":{"line":34,"column":25},"end":{"line":46,"column":1}},"4":{"start":{"line":35,"column":2},"end":{"line":45,"column":4}},"5":{"start":{"line":36,"column":4},"end":{"line":44,"column":6}}},"fnMap":{"0":{"name":"(anonymous_0)","decl":{"start":{"line":3,"column":23},"end":{"line":3,"column":24}},"loc":{"start":{"line":3,"column":34},"end":{"line":33,"column":1}},"line":3},"1":{"name":"(anonymous_1)","decl":{"start":{"line":34,"column":25},"end":{"line":34,"column":26}},"loc":{"start":{"line":34,"column":45},"end":{"line":46,"column":1}},"line":34},"2":{"name":"(anonymous_2)","decl":{"start":{"line":35,"column":9},"end":{"line":35,"column":10}},"loc":{"start":{"line":35,"column":20},"end":{"line":45,"column":3}},"line":35}},"branchMap":{},"s":{"0":1,"1":0,"2":0,"3":1,"4":1,"5":0},"f":{"0":0,"1":1,"2":0},"b":{},"_coverageSchema":"1a1c01bbd47fc00a2c39e90264f33305004495a9","hash":"4c960d66ddf1aba1908a46cff29ba2c6861ef0f0"}
,"C:\\Users\\ABHISHEK SHARMA\\Desktop\\Foodordering\\src\\components\\Shimmer.js": {"path":"C:\\Users\\ABHISHEK SHARMA\\Desktop\\Foodordering\\src\\components\\Shimmer.js","statementMap":{"0":{"start":{"line":1,"column":16},"end":{"line":28,"column":1}},"1":{"start":{"line":2,"column":2},"end":{"line":27,"column":4}},"2":{"start":{"line":19,"column":12},"end":{"line":23,"column":18}}},"fnMap":{"0":{"name":"(anonymous_0)","decl":{"start":{"line":1,"column":16},"end":{"line":1,"column":17}},"loc":{"start":{"line":1,"column":22},"end":{"line":28,"column":1}},"line":1},"1":{"name":"(anonymous_1)","decl":{"start":{"line":18,"column":15},"end":{"line":18,"column":16}},"loc":{"start":{"line":19,"column":12},"end":{"line":23,"column":18}},"line":19}},"branchMap":{},"s":{"0":1,"1":1,"2":12},"f":{"0":1,"1":12},"b":{},"_coverageSchema":"1a1c01bbd47fc00a2c39e90264f33305004495a9","hash":"04c61ba02d98e89f74c3e0fbc9d71f89da13d63d"}
,"C:\\Users\\ABHISHEK SHARMA\\Desktop\\Foodordering\\src\\components\\UserClass.js": {"path":"C:\\Users\\ABHISHEK SHARMA\\Desktop\\Foodordering\\src\\components\\UserClass.js","statementMap":{"0":{"start":{"line":5,"column":4},"end":{"line":5,"column":17}},"1":{"start":{"line":6,"column":4},"end":{"line":9,"column":6}},"2":{"start":{"line":10,"column":4},"end":{"line":10,"column":58}},"3":{"start":{"line":14,"column":4},"end":{"line":14,"column":38}},"4":{"start":{"line":22,"column":36},"end":{"line":22,"column":46}},"5":{"start":{"line":23,"column":4},"end":{"line":23,"column":39}},"6":{"start":{"line":24,"column":4},"end":{"line":41,"column":6}},"7":{"start":{"line":32,"column":12},"end":{"line":35,"column":15}}},"fnMap":{"0":{"name":"(anonymous_0)","decl":{"start":{"line":4,"column":2},"end":{"line":4,"column":3}},"loc":{"start":{"line":4,"column":21},"end":{"line":11,"column":3}},"line":4},"1":{"name":"(anonymous_1)","decl":{"start":{"line":13,"column":2},"end":{"line":13,"column":3}},"loc":{"start":{"line":13,"column":22},"end":{"line":15,"column":3}},"line":13},"2":{"name":"(anonymous_2)","decl":{"start":{"line":21,"column":2},"end":{"line":21,"column":3}},"loc":{"start":{"line":21,"column":11},"end":{"line":42,"column":3}},"line":21},"3":{"name":"(anonymous_3)","decl":{"start":{"line":31,"column":19},"end":{"line":31,"column":20}},"loc":{"start":{"line":31,"column":25},"end":{"line":36,"column":11}},"line":31}},"branchMap":{},"s":{"0":2,"1":2,"2":2,"3":2,"4":2,"5":2,"6":2,"7":0},"f":{"0":2,"1":2,"2":2,"3":0},"b":{},"_coverageSchema":"1a1c01bbd47fc00a2c39e90264f33305004495a9","hash":"e6f08493194175697721928b954b9f8ff2972c71"}
,"C:\\Users\\ABHISHEK SHARMA\\Desktop\\Foodordering\\src\\components\\sum.js": {"path":"C:\\Users\\ABHISHEK SHARMA\\Desktop\\Foodordering\\src\\components\\sum.js","statementMap":{"0":{"start":{"line":1,"column":19},"end":{"line":3,"column":1}},"1":{"start":{"line":2,"column":2},"end":{"line":2,"column":17}}},"fnMap":{"0":{"name":"(anonymous_0)","decl":{"start":{"line":1,"column":19},"end":{"line":1,"column":20}},"loc":{"start":{"line":1,"column":31},"end":{"line":3,"column":1}},"line":1}},"branchMap":{},"s":{"0":1,"1":1},"f":{"0":1},"b":{},"_coverageSchema":"1a1c01bbd47fc00a2c39e90264f33305004495a9","hash":"8736f659e680d62b27282e8300c8633d0ccabdfb"}
,"C:\\Users\\ABHISHEK SHARMA\\Desktop\\Foodordering\\utils\\ThemeContext.js": {"path":"C:\\Users\\ABHISHEK SHARMA\\Desktop\\Foodordering\\utils\\ThemeContext.js","statementMap":{"0":{"start":{"line":3,"column":28},"end":{"line":5,"column":2}},"1":{"start":{"line":7,"column":36},"end":{"line":7,"column":57}}},"fnMap":{},"branchMap":{},"s":{"0":1,"1":1},"f":{},"b":{},"_coverageSchema":"1a1c01bbd47fc00a2c39e90264f33305004495a9","hash":"1cb13e970548298f3d7731e2032b54e9014d5e9d"}
,"C:\\Users\\ABHISHEK SHARMA\\Desktop\\Foodordering\\utils\\UserContext.js": {"path":"C:\\Users\\ABHISHEK SHARMA\\Desktop\\Foodordering\\utils\\UserContext.js","statementMap":{"0":{"start":{"line":3,"column":20},"end":{"line":5,"column":2}}},"fnMap":{},"branchMap":{},"s":{"0":2},"f":{},"b":{},"_coverageSchema":"1a1c01bbd47fc00a2c39e90264f33305004495a9","hash":"30738f3b5388760caf3fa40f72cdbabd95905a7b"}
,"C:\\Users\\ABHISHEK SHARMA\\Desktop\\Foodordering\\utils\\appStore.js": {"path":"C:\\Users\\ABHISHEK SHARMA\\Desktop\\Foodordering\\utils\\appStore.js","statementMap":{"0":{"start":{"line":4,"column":17},"end":{"line":8,"column":2}}},"fnMap":{},"branchMap":{},"s":{"0":2},"f":{},"b":{},"_coverageSchema":"1a1c01bbd47fc00a2c39e90264f33305004495a9","hash":"688e64273bbb743ac18984905e2a96c52fa8c8d2"}
,"C:\\Users\\ABHISHEK SHARMA\\Desktop\\Foodordering\\utils\\cartSlice.js": {"path":"C:\\Users\\ABHISHEK SHARMA\\Desktop\\Foodordering\\utils\\cartSlice.js","statementMap":{"0":{"start":{"line":3,"column":18},"end":{"line":21,"column":2}},"1":{"start":{"line":12,"column":6},"end":{"line":12,"column":39}},"2":{"start":{"line":15,"column":6},"end":{"line":15,"column":24}},"3":{"start":{"line":18,"column":6},"end":{"line":18,"column":29}},"4":{"start":{"line":26,"column":50},"end":{"line":26,"column":67}}},"fnMap":{"0":{"name":"(anonymous_0)","decl":{"start":{"line":9,"column":13},"end":{"line":9,"column":14}},"loc":{"start":{"line":9,"column":32},"end":{"line":13,"column":5}},"line":9},"1":{"name":"(anonymous_1)","decl":{"start":{"line":14,"column":16},"end":{"line":14,"column":17}},"loc":{"start":{"line":14,"column":35},"end":{"line":16,"column":5}},"line":14},"2":{"name":"(anonymous_2)","decl":{"start":{"line":17,"column":15},"end":{"line":17,"column":16}},"loc":{"start":{"line":17,"column":34},"end":{"line":19,"column":5}},"line":17}},"branchMap":{},"s":{"0":2,"1":0,"2":0,"3":0,"4":2},"f":{"0":0,"1":0,"2":0},"b":{},"_coverageSchema":"1a1c01bbd47fc00a2c39e90264f33305004495a9","hash":"1a2ea7f9051368ce8291000538d6be20dd79fe6e"}
,"C:\\Users\\ABHISHEK SHARMA\\Desktop\\Foodordering\\utils\\constants.js": {"path":"C:\\Users\\ABHISHEK SHARMA\\Desktop\\Foodordering\\utils\\constants.js","statementMap":{"0":{"start":{"line":2,"column":2},"end":{"line":2,"column":85}},"1":{"start":{"line":5,"column":2},"end":{"line":5,"column":146}},"2":{"start":{"line":9,"column":2},"end":{"line":9,"column":152}}},"fnMap":{},"branchMap":{},"s":{"0":1,"1":1,"2":1},"f":{},"b":{},"_coverageSchema":"1a1c01bbd47fc00a2c39e90264f33305004495a9","hash":"66510a6fd7004575389e8dc1cd8f08097a6daaac"}
,"C:\\Users\\ABHISHEK SHARMA\\Desktop\\Foodordering\\utils\\useOnlineStatus.js": {"path":"C:\\Users\\ABHISHEK SHARMA\\Desktop\\Foodordering\\utils\\useOnlineStatus.js","statementMap":{"0":{"start":{"line":2,"column":24},"end":{"line":14,"column":1}},"1":{"start":{"line":3,"column":30},"end":{"line":3,"column":44}},"2":{"start":{"line":4,"column":2},"end":{"line":12,"column":9}},"3":{"start":{"line":5,"column":4},"end":{"line":7,"column":7}},"4":{"start":{"line":6,"column":6},"end":{"line":6,"column":22}},"5":{"start":{"line":9,"column":4},"end":{"line":11,"column":7}},"6":{"start":{"line":10,"column":6},"end":{"line":10,"column":23}},"7":{"start":{"line":13,"column":2},"end":{"line":13,"column":16}}},"fnMap":{"0":{"name":"(anonymous_0)","decl":{"start":{"line":2,"column":24},"end":{"line":2,"column":25}},"loc":{"start":{"line":2,"column":30},"end":{"line":14,"column":1}},"line":2},"1":{"name":"(anonymous_1)","decl":{"start":{"line":4,"column":12},"end":{"line":4,"column":13}},"loc":{"start":{"line":4,"column":18},"end":{"line":12,"column":3}},"line":4},"2":{"name":"(anonymous_2)","decl":{"start":{"line":5,"column":38},"end":{"line":5,"column":39}},"loc":{"start":{"line":5,"column":44},"end":{"line":7,"column":5}},"line":5},"3":{"name":"(anonymous_3)","decl":{"start":{"line":9,"column":39},"end":{"line":9,"column":40}},"loc":{"start":{"line":9,"column":45},"end":{"line":11,"column":5}},"line":9}},"branchMap":{},"s":{"0":1,"1":1,"2":1,"3":1,"4":0,"5":1,"6":0,"7":1},"f":{"0":1,"1":1,"2":0,"3":0},"b":{},"_coverageSchema":"1a1c01bbd47fc00a2c39e90264f33305004495a9","hash":"aa2310f84a5dc79da07e76ff61e89ee0e4758832"}
}
